-------------------------------------------------------------------------------
Test set: AllureTest
-------------------------------------------------------------------------------
Tests run: 1, Failures: 1, Errors: 0, Skipped: 0, Time elapsed: 21.542 s <<< FAILURE! - in AllureTest
queryTest(AllureTest)  Time elapsed: 21.191 s  <<< FAILURE!
org.junit.ComparisonFailure: expected:<9,[4] %> but was:<9,[3] %>
	at AllureTest.queryTest(AllureTest.java:40)

