-------------------------------------------------------------------------------
Test set: SberIpoteka_Test
-------------------------------------------------------------------------------
Tests run: 1, Failures: 1, Errors: 0, Skipped: 0, Time elapsed: 19.04 s <<< FAILURE! - in SberIpoteka_Test
execute(SberIpoteka_Test)  Time elapsed: 19.037 s  <<< FAILURE!
org.junit.ComparisonFailure: expected:<9,[4] %> but was:<9,[3] %>
	at SberIpoteka_Test.execute(SberIpoteka_Test.java:38)

