<?xml version="1.0" encoding="UTF-8"?>
<testsuite xmlns:xsi="http://www.w3.org/2001/XMLSchema-instance" xsi:noNamespaceSchemaLocation="https://maven.apache.org/surefire/maven-surefire-plugin/xsd/surefire-test-report.xsd" name="SberIpoteka_Test" time="19.065" tests="1" errors="0" skipped="0" failures="1">
  <properties>
[...]
</properties>
  <testcase name="execute" classname="SberIpoteka_Test" time="19.06">
    <failure message="expected:&lt;9,[4] %&gt; but was:&lt;9,[3] %&gt;" type="org.junit.ComparisonFailure"><![CDATA[org.junit.ComparisonFailure: expected:<9,[4] %> but was:<9,[3] %>
	at SberIpoteka_Test.execute(SberIpoteka_Test.java:37)
]]></failure>
    <system-err><![CDATA[Starting ChromeDriver 80.0.3987.106 (f68069574609230cf9b635cd784cfb1bf81bb53a-refs/branch-heads/3987@{#882}) on port 34666
Only local connections are allowed.
Please protect ports used by ChromeDriver and related test frameworks to prevent access by malicious code.
[1584951818.221][WARNING]: Timed out connecting to Chrome, retrying...
мар. 23, 2020 11:23:40 AM org.openqa.selenium.remote.ProtocolHandshake createSession
INFO: Detected dialect: W3C
[1584951822.257][WARNING]: Timed out connecting to Chrome, retrying...
[1584951824.647][SEVERE]: Timed out receiving message from renderer: 0.100
[1584951824.890][SEVERE]: Timed out receiving message from renderer: 0.100
[1584951825.809][SEVERE]: Timed out receiving message from renderer: 0.100
[1584951825.910][SEVERE]: Timed out receiving message from renderer: 0.100
[1584951827.805][SEVERE]: Timed out receiving message from renderer: 0.100
]]></system-err>
  </testcase>
</testsuite>